[15996:12352:0415/135355.660:INFO:chrome_browser_cloud_management_controller.cc(202)] No machine level policy manager exists.
[15996:12352:0415/135357.214:INFO:CONSOLE(67)] "[rubik] env:  production", source: https://unpkg.com/@s-ui/ij-rubik/umd/index.js (67)
[15996:12352:0415/135357.215:INFO:CONSOLE(67)] "Uncaught TypeError: Cannot read properties of undefined (reading 'ready')", source: https://unpkg.com/@s-ui/ij-rubik/umd/index.js (67)
[11008:14804:0415/135357.317:ERROR:gles2_cmd_decoder_passthrough.cc(1081)] [GroupMarkerNotSet(crbug.com/242999)!:A07028008C110000]Automatic fallback to software WebGL has been deprecated. Please use the --enable-unsafe-swiftshader flag to opt in to lower security guarantees for trusted content.
[15996:12352:0415/135357.330:INFO:CONSOLE(0)] "[GroupMarkerNotSet(crbug.com/242999)!:A07028008C110000]Automatic fallback to software WebGL has been deprecated. Please use the --enable-unsafe-swiftshader flag to opt in to lower security guarantees for trusted content.", source: https://www.infojobs.net/jobsearch/search-results/list.xhtml?keyword=desarrollador&provinceIds=&normalizedLocation=espa%C3%B1a (0)
[11008:14804:0415/135357.388:ERROR:gl_utils.cc(431)] [.WebGL-0x17ac02c2db00]GL Driver Message (OpenGL, Performance, GL_CLOSE_PATH_NV, High): GPU stall due to ReadPixels
[11008:14804:0415/135357.439:ERROR:gl_utils.cc(431)] [.WebGL-0x17ac02c2db00]GL Driver Message (OpenGL, Performance, GL_CLOSE_PATH_NV, High): GPU stall due to ReadPixels
[15996:12352:0415/135357.446:INFO:CONSOLE(0)] "[.WebGL-0x17ac02c2db00]GL Driver Message (OpenGL, Performance, GL_CLOSE_PATH_NV, High): GPU stall due to ReadPixels", source: https://www.infojobs.net/jobsearch/search-results/list.xhtml?keyword=desarrollador&provinceIds=&normalizedLocation=espa%C3%B1a (0)
[15996:12352:0415/135357.446:INFO:CONSOLE(0)] "[.WebGL-0x17ac02c2db00]GL Driver Message (OpenGL, Performance, GL_CLOSE_PATH_NV, High): GPU stall due to ReadPixels", source: https://www.infojobs.net/jobsearch/search-results/list.xhtml?keyword=desarrollador&provinceIds=&normalizedLocation=espa%C3%B1a (0)
[11008:14804:0415/135357.607:ERROR:gles2_cmd_decoder_passthrough.cc(1081)] [GroupMarkerNotSet(crbug.com/242999)!:A0A028008C110000]Automatic fallback to software WebGL has been deprecated. Please use the --enable-unsafe-swiftshader flag to opt in to lower security guarantees for trusted content.
[15996:12352:0415/135357.612:INFO:CONSOLE(0)] "[GroupMarkerNotSet(crbug.com/242999)!:A0A028008C110000]Automatic fallback to software WebGL has been deprecated. Please use the --enable-unsafe-swiftshader flag to opt in to lower security guarantees for trusted content.", source: https://www.infojobs.net/jobsearch/search-results/list.xhtml?keyword=desarrollador&provinceIds=&normalizedLocation=espa%C3%B1a (0)
[15996:12352:0415/135400.996:INFO:CONSOLE(0)] "The resource https://es-static0.infojobs.com/fonts/proximanova-regular.woff?v=150077325 was preloaded using link preload but not used within a few seconds from the window's load event. Please make sure it has an appropriate `as` value and it is preloaded intentionally.", source: https://www.infojobs.net/jobsearch/search-results/list.xhtml?keyword=desarrollador&provinceIds=&normalizedLocation=espa%C3%B1a (0)
[15996:12352:0415/135400.996:INFO:CONSOLE(0)] "The resource https://es-static0.infojobs.com/fonts/proximanova-light.woff?v=150077325 was preloaded using link preload but not used within a few seconds from the window's load event. Please make sure it has an appropriate `as` value and it is preloaded intentionally.", source: https://www.infojobs.net/jobsearch/search-results/list.xhtml?keyword=desarrollador&provinceIds=&normalizedLocation=espa%C3%B1a (0)
[15996:12352:0415/135400.996:INFO:CONSOLE(0)] "The resource https://es-static0.infojobs.com/fonts/proximanova-semibold.woff?v=150077325 was preloaded using link preload but not used within a few seconds from the window's load event. Please make sure it has an appropriate `as` value and it is preloaded intentionally.", source: https://www.infojobs.net/jobsearch/search-results/list.xhtml?keyword=desarrollador&provinceIds=&normalizedLocation=espa%C3%B1a (0)
[15996:12352:0415/135400.996:INFO:CONSOLE(0)] "The resource https://es-static0.infojobs.com/fonts/proximanova-bold.woff?v=150077325 was preloaded using link preload but not used within a few seconds from the window's load event. Please make sure it has an appropriate `as` value and it is preloaded intentionally.", source: https://www.infojobs.net/jobsearch/search-results/list.xhtml?keyword=desarrollador&provinceIds=&normalizedLocation=espa%C3%B1a (0)
[15996:12352:0415/135400.996:INFO:CONSOLE(0)] "The resource https://es-static0.infojobs.com/fonts/infojobs-filled.woff?v=150077325 was preloaded using link preload but not used within a few seconds from the window's load event. Please make sure it has an appropriate `as` value and it is preloaded intentionally.", source: https://www.infojobs.net/jobsearch/search-results/list.xhtml?keyword=desarrollador&provinceIds=&normalizedLocation=espa%C3%B1a (0)
[15996:12352:0415/135400.996:INFO:CONSOLE(0)] "The resource https://es-static0.infojobs.com/fonts/infojobs.woff?v=150077325 was preloaded using link preload but not used within a few seconds from the window's load event. Please make sure it has an appropriate `as` value and it is preloaded intentionally.", source: https://www.infojobs.net/jobsearch/search-results/list.xhtml?keyword=desarrollador&provinceIds=&normalizedLocation=espa%C3%B1a (0)
[15996:12352:0415/135404.162:INFO:CONSOLE(0)] "The resource https://es-static0.infojobs.com/fonts/proximanova-regular.woff?v=150077325 was preloaded using link preload but not used within a few seconds from the window's load event. Please make sure it has an appropriate `as` value and it is preloaded intentionally.", source: https://www.infojobs.net/jobsearch/search-results/list.xhtml?keyword=desarrollador&provinceIds=&normalizedLocation=espa%C3%B1a (0)
[15996:12352:0415/135404.162:INFO:CONSOLE(0)] "The resource https://es-static0.infojobs.com/fonts/proximanova-light.woff?v=150077325 was preloaded using link preload but not used within a few seconds from the window's load event. Please make sure it has an appropriate `as` value and it is preloaded intentionally.", source: https://www.infojobs.net/jobsearch/search-results/list.xhtml?keyword=desarrollador&provinceIds=&normalizedLocation=espa%C3%B1a (0)
[15996:12352:0415/135404.162:INFO:CONSOLE(0)] "The resource https://es-static0.infojobs.com/fonts/proximanova-semibold.woff?v=150077325 was preloaded using link preload but not used within a few seconds from the window's load event. Please make sure it has an appropriate `as` value and it is preloaded intentionally.", source: https://www.infojobs.net/jobsearch/search-results/list.xhtml?keyword=desarrollador&provinceIds=&normalizedLocation=espa%C3%B1a (0)
[15996:12352:0415/135404.162:INFO:CONSOLE(0)] "The resource https://es-static0.infojobs.com/fonts/proximanova-bold.woff?v=150077325 was preloaded using link preload but not used within a few seconds from the window's load event. Please make sure it has an appropriate `as` value and it is preloaded intentionally.", source: https://www.infojobs.net/jobsearch/search-results/list.xhtml?keyword=desarrollador&provinceIds=&normalizedLocation=espa%C3%B1a (0)
[15996:12352:0415/135404.162:INFO:CONSOLE(0)] "The resource https://es-static0.infojobs.com/fonts/infojobs-filled.woff?v=150077325 was preloaded using link preload but not used within a few seconds from the window's load event. Please make sure it has an appropriate `as` value and it is preloaded intentionally.", source: https://www.infojobs.net/jobsearch/search-results/list.xhtml?keyword=desarrollador&provinceIds=&normalizedLocation=espa%C3%B1a (0)
[15996:12352:0415/135404.162:INFO:CONSOLE(0)] "The resource https://es-static0.infojobs.com/fonts/infojobs.woff?v=150077325 was preloaded using link preload but not used within a few seconds from the window's load event. Please make sure it has an appropriate `as` value and it is preloaded intentionally.", source: https://www.infojobs.net/jobsearch/search-results/list.xhtml?keyword=desarrollador&provinceIds=&normalizedLocation=espa%C3%B1a (0)
[15996:12352:0415/135408.497:INFO:CONSOLE(8)] "Missing translation for key: "Buscar empleo"", source: https://components.infojobs.com/spa/8eab2230/67c69547.js (8)
[15996:12352:0415/135408.497:INFO:CONSOLE(8)] "Missing translation for key: "Buscar empresas"", source: https://components.infojobs.com/spa/8eab2230/67c69547.js (8)
[15996:12352:0415/135408.498:INFO:CONSOLE(8)] "Missing translation for key: "Salarios"", source: https://components.infojobs.com/spa/8eab2230/67c69547.js (8)
[15996:12352:0415/135408.498:INFO:CONSOLE(8)] "Missing translation for key: "Formación"", source: https://components.infojobs.com/spa/8eab2230/67c69547.js (8)
[15996:12352:0415/135408.519:INFO:CONSOLE(8)] "Missing translation for key: "OFFER_CARD_CONTENT_DESCRIPTION_SOURCE_PREFIX"", source: https://components.infojobs.com/spa/8eab2230/67c69547.js (8)
[15996:12352:0415/135408.550:INFO:CONSOLE(8)] "Missing translation for key: "OFFER_CARD_CONTENT_DESCRIPTION_SOURCE_PREFIX"", source: https://components.infojobs.com/spa/8eab2230/67c69547.js (8)
[15996:12352:0415/135408.551:INFO:CONSOLE(8)] "Missing translation for key: "OFFER_CARD_CONTENT_DESCRIPTION_SOURCE_PREFIX"", source: https://components.infojobs.com/spa/8eab2230/67c69547.js (8)
[15996:12352:0415/135408.552:INFO:CONSOLE(8)] "Missing translation for key: "OFFER_CARD_CONTENT_DESCRIPTION_SOURCE_PREFIX"", source: https://components.infojobs.com/spa/8eab2230/67c69547.js (8)
[15996:12352:0415/135408.553:INFO:CONSOLE(8)] "Missing translation for key: "OFFER_CARD_CONTENT_DESCRIPTION_SOURCE_PREFIX"", source: https://components.infojobs.com/spa/8eab2230/67c69547.js (8)
[15996:12352:0415/135408.557:INFO:CONSOLE(8)] "Missing translation for key: "Ayuda"", source: https://components.infojobs.com/spa/8eab2230/67c69547.js (8)
[15996:12352:0415/135408.557:INFO:CONSOLE(8)] "Missing translation for key: "Seguridad"", source: https://components.infojobs.com/spa/8eab2230/67c69547.js (8)
[15996:12352:0415/135408.557:INFO:CONSOLE(8)] "Missing translation for key: "Condiciones legales"", source: https://components.infojobs.com/spa/8eab2230/67c69547.js (8)
[15996:12352:0415/135408.557:INFO:CONSOLE(8)] "Missing translation for key: "Política de Privacidad"", source: https://components.infojobs.com/spa/8eab2230/67c69547.js (8)
[15996:12352:0415/135408.557:INFO:CONSOLE(8)] "Missing translation for key: "Uso del servicio"", source: https://components.infojobs.com/spa/8eab2230/67c69547.js (8)
[15996:12352:0415/135408.558:INFO:CONSOLE(8)] "Missing translation for key: "Política de cookies"", source: https://components.infojobs.com/spa/8eab2230/67c69547.js (8)
[15996:12352:0415/135408.558:INFO:CONSOLE(8)] "Missing translation for key: "InfoJobs hoy"", source: https://components.infojobs.com/spa/8eab2230/67c69547.js (8)
[15996:12352:0415/135408.558:INFO:CONSOLE(8)] "Missing translation for key: "Trabaja con nosotros"", source: https://components.infojobs.com/spa/8eab2230/67c69547.js (8)
[15996:12352:0415/135408.558:INFO:CONSOLE(8)] "Missing translation for key: "Ofertas de empleo"", source: https://components.infojobs.com/spa/8eab2230/67c69547.js (8)
[15996:12352:0415/135408.559:INFO:CONSOLE(8)] "Missing translation for key: "InfoJobs Awards"", source: https://components.infojobs.com/spa/8eab2230/67c69547.js (8)
[15996:12352:0415/135408.559:INFO:CONSOLE(8)] "Missing translation for key: "InfoJobs Academy"", source: https://components.infojobs.com/spa/8eab2230/67c69547.js (8)
[15996:12352:0415/135408.559:INFO:CONSOLE(8)] "Missing translation for key: "Orientación laboral"", source: https://components.infojobs.com/spa/8eab2230/67c69547.js (8)
[15996:12352:0415/135408.559:INFO:CONSOLE(8)] "Missing translation for key: "InfoJobs Formación"", source: https://components.infojobs.com/spa/8eab2230/67c69547.js (8)
[15996:12352:0415/135408.559:INFO:CONSOLE(8)] "Missing translation for key: "Blog empresas"", source: https://components.infojobs.com/spa/8eab2230/67c69547.js (8)
[15996:12352:0415/135408.559:INFO:CONSOLE(8)] "Missing translation for key: "Offerte di lavoro in Italia"", source: https://components.infojobs.com/spa/8eab2230/67c69547.js (8)
[15996:12352:0415/135408.560:INFO:CONSOLE(8)] "Missing translation for key: "Indicadores de InfoJobs"", source: https://components.infojobs.com/spa/8eab2230/67c69547.js (8)
[15996:12352:0415/135408.560:INFO:CONSOLE(8)] "Missing translation for key: "Notas de prensa"", source: https://components.infojobs.com/spa/8eab2230/67c69547.js (8)
[15996:12352:0415/135408.560:INFO:CONSOLE(8)] "Missing translation for key: "Contacto de prensa"", source: https://components.infojobs.com/spa/8eab2230/67c69547.js (8)
[15996:12352:0415/135408.582:INFO:CONSOLE(8)] "Missing translation for key: "Buscar empleo"", source: https://components.infojobs.com/spa/8eab2230/67c69547.js (8)
[15996:12352:0415/135408.582:INFO:CONSOLE(8)] "Missing translation for key: "Buscar empresas"", source: https://components.infojobs.com/spa/8eab2230/67c69547.js (8)
[15996:12352:0415/135408.582:INFO:CONSOLE(8)] "Missing translation for key: "Salarios"", source: https://components.infojobs.com/spa/8eab2230/67c69547.js (8)
[15996:12352:0415/135408.583:INFO:CONSOLE(8)] "Missing translation for key: "Formación"", source: https://components.infojobs.com/spa/8eab2230/67c69547.js (8)
[15996:12352:0415/135408.598:INFO:CONSOLE(8)] "Missing translation for key: "OFFER_CARD_CONTENT_DESCRIPTION_SOURCE_PREFIX"", source: https://components.infojobs.com/spa/8eab2230/67c69547.js (8)
[15996:12352:0415/135408.600:INFO:CONSOLE(8)] "Missing translation for key: "OFFER_CARD_CONTENT_DESCRIPTION_SOURCE_PREFIX"", source: https://components.infojobs.com/spa/8eab2230/67c69547.js (8)
[15996:12352:0415/135408.601:INFO:CONSOLE(8)] "Missing translation for key: "OFFER_CARD_CONTENT_DESCRIPTION_SOURCE_PREFIX"", source: https://components.infojobs.com/spa/8eab2230/67c69547.js (8)
[15996:12352:0415/135408.602:INFO:CONSOLE(8)] "Missing translation for key: "OFFER_CARD_CONTENT_DESCRIPTION_SOURCE_PREFIX"", source: https://components.infojobs.com/spa/8eab2230/67c69547.js (8)
[15996:12352:0415/135408.604:INFO:CONSOLE(8)] "Missing translation for key: "OFFER_CARD_CONTENT_DESCRIPTION_SOURCE_PREFIX"", source: https://components.infojobs.com/spa/8eab2230/67c69547.js (8)
[15996:12352:0415/135408.611:INFO:CONSOLE(8)] "Missing translation for key: "Ayuda"", source: https://components.infojobs.com/spa/8eab2230/67c69547.js (8)
[15996:12352:0415/135408.611:INFO:CONSOLE(8)] "Missing translation for key: "Seguridad"", source: https://components.infojobs.com/spa/8eab2230/67c69547.js (8)
[15996:12352:0415/135408.611:INFO:CONSOLE(8)] "Missing translation for key: "Condiciones legales"", source: https://components.infojobs.com/spa/8eab2230/67c69547.js (8)
[15996:12352:0415/135408.611:INFO:CONSOLE(8)] "Missing translation for key: "Política de Privacidad"", source: https://components.infojobs.com/spa/8eab2230/67c69547.js (8)
[15996:12352:0415/135408.612:INFO:CONSOLE(8)] "Missing translation for key: "Uso del servicio"", source: https://components.infojobs.com/spa/8eab2230/67c69547.js (8)
[15996:12352:0415/135408.612:INFO:CONSOLE(8)] "Missing translation for key: "Política de cookies"", source: https://components.infojobs.com/spa/8eab2230/67c69547.js (8)
[15996:12352:0415/135408.612:INFO:CONSOLE(8)] "Missing translation for key: "InfoJobs hoy"", source: https://components.infojobs.com/spa/8eab2230/67c69547.js (8)
[15996:12352:0415/135408.612:INFO:CONSOLE(8)] "Missing translation for key: "Trabaja con nosotros"", source: https://components.infojobs.com/spa/8eab2230/67c69547.js (8)
[15996:12352:0415/135408.612:INFO:CONSOLE(8)] "Missing translation for key: "Ofertas de empleo"", source: https://components.infojobs.com/spa/8eab2230/67c69547.js (8)
[15996:12352:0415/135408.613:INFO:CONSOLE(8)] "Missing translation for key: "InfoJobs Awards"", source: https://components.infojobs.com/spa/8eab2230/67c69547.js (8)
[15996:12352:0415/135408.613:INFO:CONSOLE(8)] "Missing translation for key: "InfoJobs Academy"", source: https://components.infojobs.com/spa/8eab2230/67c69547.js (8)
[15996:12352:0415/135408.613:INFO:CONSOLE(8)] "Missing translation for key: "Orientación laboral"", source: https://components.infojobs.com/spa/8eab2230/67c69547.js (8)
[15996:12352:0415/135408.613:INFO:CONSOLE(8)] "Missing translation for key: "InfoJobs Formación"", source: https://components.infojobs.com/spa/8eab2230/67c69547.js (8)
[15996:12352:0415/135408.613:INFO:CONSOLE(8)] "Missing translation for key: "Blog empresas"", source: https://components.infojobs.com/spa/8eab2230/67c69547.js (8)
[15996:12352:0415/135408.613:INFO:CONSOLE(8)] "Missing translation for key: "Offerte di lavoro in Italia"", source: https://components.infojobs.com/spa/8eab2230/67c69547.js (8)
[15996:12352:0415/135408.614:INFO:CONSOLE(8)] "Missing translation for key: "Indicadores de InfoJobs"", source: https://components.infojobs.com/spa/8eab2230/67c69547.js (8)
[15996:12352:0415/135408.614:INFO:CONSOLE(8)] "Missing translation for key: "Notas de prensa"", source: https://components.infojobs.com/spa/8eab2230/67c69547.js (8)
[15996:12352:0415/135408.614:INFO:CONSOLE(8)] "Missing translation for key: "Contacto de prensa"", source: https://components.infojobs.com/spa/8eab2230/67c69547.js (8)
[15996:12352:0415/135408.642:INFO:CONSOLE(8)] "Missing translation for key: "Buscar empleo"", source: https://components.infojobs.com/spa/8eab2230/67c69547.js (8)
[15996:12352:0415/135408.642:INFO:CONSOLE(8)] "Missing translation for key: "Buscar empresas"", source: https://components.infojobs.com/spa/8eab2230/67c69547.js (8)
[15996:12352:0415/135408.642:INFO:CONSOLE(8)] "Missing translation for key: "Salarios"", source: https://components.infojobs.com/spa/8eab2230/67c69547.js (8)
[15996:12352:0415/135408.642:INFO:CONSOLE(8)] "Missing translation for key: "Formación"", source: https://components.infojobs.com/spa/8eab2230/67c69547.js (8)
[15996:12352:0415/135408.655:INFO:CONSOLE(8)] "Missing translation for key: "OFFER_CARD_CONTENT_DESCRIPTION_SOURCE_PREFIX"", source: https://components.infojobs.com/spa/8eab2230/67c69547.js (8)
[15996:12352:0415/135408.657:INFO:CONSOLE(8)] "Missing translation for key: "OFFER_CARD_CONTENT_DESCRIPTION_SOURCE_PREFIX"", source: https://components.infojobs.com/spa/8eab2230/67c69547.js (8)
[15996:12352:0415/135408.658:INFO:CONSOLE(8)] "Missing translation for key: "OFFER_CARD_CONTENT_DESCRIPTION_SOURCE_PREFIX"", source: https://components.infojobs.com/spa/8eab2230/67c69547.js (8)
[15996:12352:0415/135408.660:INFO:CONSOLE(8)] "Missing translation for key: "OFFER_CARD_CONTENT_DESCRIPTION_SOURCE_PREFIX"", source: https://components.infojobs.com/spa/8eab2230/67c69547.js (8)
[15996:12352:0415/135408.662:INFO:CONSOLE(8)] "Missing translation for key: "OFFER_CARD_CONTENT_DESCRIPTION_SOURCE_PREFIX"", source: https://components.infojobs.com/spa/8eab2230/67c69547.js (8)
[15996:12352:0415/135408.666:INFO:CONSOLE(8)] "Missing translation for key: "Ayuda"", source: https://components.infojobs.com/spa/8eab2230/67c69547.js (8)
[15996:12352:0415/135408.667:INFO:CONSOLE(8)] "Missing translation for key: "Seguridad"", source: https://components.infojobs.com/spa/8eab2230/67c69547.js (8)
[15996:12352:0415/135408.667:INFO:CONSOLE(8)] "Missing translation for key: "Condiciones legales"", source: https://components.infojobs.com/spa/8eab2230/67c69547.js (8)
[15996:12352:0415/135408.667:INFO:CONSOLE(8)] "Missing translation for key: "Política de Privacidad"", source: https://components.infojobs.com/spa/8eab2230/67c69547.js (8)
[15996:12352:0415/135408.667:INFO:CONSOLE(8)] "Missing translation for key: "Uso del servicio"", source: https://components.infojobs.com/spa/8eab2230/67c69547.js (8)
[15996:12352:0415/135408.668:INFO:CONSOLE(8)] "Missing translation for key: "Política de cookies"", source: https://components.infojobs.com/spa/8eab2230/67c69547.js (8)
[15996:12352:0415/135408.668:INFO:CONSOLE(8)] "Missing translation for key: "InfoJobs hoy"", source: https://components.infojobs.com/spa/8eab2230/67c69547.js (8)
[15996:12352:0415/135408.668:INFO:CONSOLE(8)] "Missing translation for key: "Trabaja con nosotros"", source: https://components.infojobs.com/spa/8eab2230/67c69547.js (8)
[15996:12352:0415/135408.668:INFO:CONSOLE(8)] "Missing translation for key: "Ofertas de empleo"", source: https://components.infojobs.com/spa/8eab2230/67c69547.js (8)
[15996:12352:0415/135408.668:INFO:CONSOLE(8)] "Missing translation for key: "InfoJobs Awards"", source: https://components.infojobs.com/spa/8eab2230/67c69547.js (8)
[15996:12352:0415/135408.668:INFO:CONSOLE(8)] "Missing translation for key: "InfoJobs Academy"", source: https://components.infojobs.com/spa/8eab2230/67c69547.js (8)
[15996:12352:0415/135408.669:INFO:CONSOLE(8)] "Missing translation for key: "Orientación laboral"", source: https://components.infojobs.com/spa/8eab2230/67c69547.js (8)
[15996:12352:0415/135408.669:INFO:CONSOLE(8)] "Missing translation for key: "InfoJobs Formación"", source: https://components.infojobs.com/spa/8eab2230/67c69547.js (8)
[15996:12352:0415/135408.669:INFO:CONSOLE(8)] "Missing translation for key: "Blog empresas"", source: https://components.infojobs.com/spa/8eab2230/67c69547.js (8)
[15996:12352:0415/135408.670:INFO:CONSOLE(8)] "Missing translation for key: "Offerte di lavoro in Italia"", source: https://components.infojobs.com/spa/8eab2230/67c69547.js (8)
[15996:12352:0415/135408.670:INFO:CONSOLE(8)] "Missing translation for key: "Indicadores de InfoJobs"", source: https://components.infojobs.com/spa/8eab2230/67c69547.js (8)
[15996:12352:0415/135408.670:INFO:CONSOLE(8)] "Missing translation for key: "Notas de prensa"", source: https://components.infojobs.com/spa/8eab2230/67c69547.js (8)
[15996:12352:0415/135408.670:INFO:CONSOLE(8)] "Missing translation for key: "Contacto de prensa"", source: https://components.infojobs.com/spa/8eab2230/67c69547.js (8)
[15996:12352:0415/135409.045:INFO:CONSOLE(8)] "Sending GA4 event "sui" for the session "1744718048"", source: https://components.infojobs.com/spa/8eab2230/67c69547.js (8)
[15996:12352:0415/135409.076:INFO:CONSOLE(8)] "Sending GA4 event "sui" for the session "1744718049"", source: https://components.infojobs.com/spa/8eab2230/67c69547.js (8)
[15996:12352:0415/135409.436:INFO:CONSOLE(8)] "Missing translation for key: "Buscar empleo"", source: https://components.infojobs.com/spa/8eab2230/67c69547.js (8)
[15996:12352:0415/135409.437:INFO:CONSOLE(8)] "Missing translation for key: "Buscar empresas"", source: https://components.infojobs.com/spa/8eab2230/67c69547.js (8)
[15996:12352:0415/135409.437:INFO:CONSOLE(8)] "Missing translation for key: "Salarios"", source: https://components.infojobs.com/spa/8eab2230/67c69547.js (8)
[15996:12352:0415/135409.437:INFO:CONSOLE(8)] "Missing translation for key: "Formación"", source: https://components.infojobs.com/spa/8eab2230/67c69547.js (8)
[15996:12352:0415/135409.450:INFO:CONSOLE(8)] "Missing translation for key: "OFFER_CARD_CONTENT_DESCRIPTION_SOURCE_PREFIX"", source: https://components.infojobs.com/spa/8eab2230/67c69547.js (8)
[15996:12352:0415/135409.452:INFO:CONSOLE(8)] "Missing translation for key: "OFFER_CARD_CONTENT_DESCRIPTION_SOURCE_PREFIX"", source: https://components.infojobs.com/spa/8eab2230/67c69547.js (8)
[15996:12352:0415/135409.454:INFO:CONSOLE(8)] "Missing translation for key: "OFFER_CARD_CONTENT_DESCRIPTION_SOURCE_PREFIX"", source: https://components.infojobs.com/spa/8eab2230/67c69547.js (8)
[15996:12352:0415/135409.455:INFO:CONSOLE(8)] "Missing translation for key: "OFFER_CARD_CONTENT_DESCRIPTION_SOURCE_PREFIX"", source: https://components.infojobs.com/spa/8eab2230/67c69547.js (8)
[15996:12352:0415/135409.457:INFO:CONSOLE(8)] "Missing translation for key: "OFFER_CARD_CONTENT_DESCRIPTION_SOURCE_PREFIX"", source: https://components.infojobs.com/spa/8eab2230/67c69547.js (8)
[15996:12352:0415/135409.460:INFO:CONSOLE(8)] "Missing translation for key: "Ayuda"", source: https://components.infojobs.com/spa/8eab2230/67c69547.js (8)
[15996:12352:0415/135409.460:INFO:CONSOLE(8)] "Missing translation for key: "Seguridad"", source: https://components.infojobs.com/spa/8eab2230/67c69547.js (8)
[15996:12352:0415/135409.460:INFO:CONSOLE(8)] "Missing translation for key: "Condiciones legales"", source: https://components.infojobs.com/spa/8eab2230/67c69547.js (8)
[15996:12352:0415/135409.461:INFO:CONSOLE(8)] "Missing translation for key: "Política de Privacidad"", source: https://components.infojobs.com/spa/8eab2230/67c69547.js (8)
[15996:12352:0415/135409.462:INFO:CONSOLE(8)] "Missing translation for key: "Uso del servicio"", source: https://components.infojobs.com/spa/8eab2230/67c69547.js (8)
[15996:12352:0415/135409.462:INFO:CONSOLE(8)] "Missing translation for key: "Política de cookies"", source: https://components.infojobs.com/spa/8eab2230/67c69547.js (8)
[15996:12352:0415/135409.462:INFO:CONSOLE(8)] "Missing translation for key: "InfoJobs hoy"", source: https://components.infojobs.com/spa/8eab2230/67c69547.js (8)
[15996:12352:0415/135409.462:INFO:CONSOLE(8)] "Missing translation for key: "Trabaja con nosotros"", source: https://components.infojobs.com/spa/8eab2230/67c69547.js (8)
[15996:12352:0415/135409.462:INFO:CONSOLE(8)] "Missing translation for key: "Ofertas de empleo"", source: https://components.infojobs.com/spa/8eab2230/67c69547.js (8)
[15996:12352:0415/135409.463:INFO:CONSOLE(8)] "Missing translation for key: "InfoJobs Awards"", source: https://components.infojobs.com/spa/8eab2230/67c69547.js (8)
[15996:12352:0415/135409.463:INFO:CONSOLE(8)] "Missing translation for key: "InfoJobs Academy"", source: https://components.infojobs.com/spa/8eab2230/67c69547.js (8)
[15996:12352:0415/135409.463:INFO:CONSOLE(8)] "Missing translation for key: "Orientación laboral"", source: https://components.infojobs.com/spa/8eab2230/67c69547.js (8)
[15996:12352:0415/135409.463:INFO:CONSOLE(8)] "Missing translation for key: "InfoJobs Formación"", source: https://components.infojobs.com/spa/8eab2230/67c69547.js (8)
[15996:12352:0415/135409.463:INFO:CONSOLE(8)] "Missing translation for key: "Blog empresas"", source: https://components.infojobs.com/spa/8eab2230/67c69547.js (8)
[15996:12352:0415/135409.464:INFO:CONSOLE(8)] "Missing translation for key: "Offerte di lavoro in Italia"", source: https://components.infojobs.com/spa/8eab2230/67c69547.js (8)
[15996:12352:0415/135409.464:INFO:CONSOLE(8)] "Missing translation for key: "Indicadores de InfoJobs"", source: https://components.infojobs.com/spa/8eab2230/67c69547.js (8)
[15996:12352:0415/135409.464:INFO:CONSOLE(8)] "Missing translation for key: "Notas de prensa"", source: https://components.infojobs.com/spa/8eab2230/67c69547.js (8)
[15996:12352:0415/135409.464:INFO:CONSOLE(8)] "Missing translation for key: "Contacto de prensa"", source: https://components.infojobs.com/spa/8eab2230/67c69547.js (8)
[15996:12352:0415/135409.474:INFO:CONSOLE(8)] "Missing translation for key: "Buscar empleo"", source: https://components.infojobs.com/spa/8eab2230/67c69547.js (8)
[15996:12352:0415/135409.474:INFO:CONSOLE(8)] "Missing translation for key: "Buscar empresas"", source: https://components.infojobs.com/spa/8eab2230/67c69547.js (8)
[15996:12352:0415/135409.475:INFO:CONSOLE(8)] "Missing translation for key: "Salarios"", source: https://components.infojobs.com/spa/8eab2230/67c69547.js (8)
[15996:12352:0415/135409.475:INFO:CONSOLE(8)] "Missing translation for key: "Formación"", source: https://components.infojobs.com/spa/8eab2230/67c69547.js (8)
[15996:12352:0415/135409.485:INFO:CONSOLE(8)] "Missing translation for key: "OFFER_CARD_CONTENT_DESCRIPTION_SOURCE_PREFIX"", source: https://components.infojobs.com/spa/8eab2230/67c69547.js (8)
[15996:12352:0415/135409.487:INFO:CONSOLE(8)] "Missing translation for key: "OFFER_CARD_CONTENT_DESCRIPTION_SOURCE_PREFIX"", source: https://components.infojobs.com/spa/8eab2230/67c69547.js (8)
[15996:12352:0415/135409.488:INFO:CONSOLE(8)] "Missing translation for key: "OFFER_CARD_CONTENT_DESCRIPTION_SOURCE_PREFIX"", source: https://components.infojobs.com/spa/8eab2230/67c69547.js (8)
[15996:12352:0415/135409.489:INFO:CONSOLE(8)] "Missing translation for key: "OFFER_CARD_CONTENT_DESCRIPTION_SOURCE_PREFIX"", source: https://components.infojobs.com/spa/8eab2230/67c69547.js (8)
[15996:12352:0415/135409.491:INFO:CONSOLE(8)] "Missing translation for key: "OFFER_CARD_CONTENT_DESCRIPTION_SOURCE_PREFIX"", source: https://components.infojobs.com/spa/8eab2230/67c69547.js (8)
[15996:12352:0415/135409.493:INFO:CONSOLE(8)] "Missing translation for key: "Ayuda"", source: https://components.infojobs.com/spa/8eab2230/67c69547.js (8)
[15996:12352:0415/135409.494:INFO:CONSOLE(8)] "Missing translation for key: "Seguridad"", source: https://components.infojobs.com/spa/8eab2230/67c69547.js (8)
[15996:12352:0415/135409.494:INFO:CONSOLE(8)] "Missing translation for key: "Condiciones legales"", source: https://components.infojobs.com/spa/8eab2230/67c69547.js (8)
[15996:12352:0415/135409.494:INFO:CONSOLE(8)] "Missing translation for key: "Política de Privacidad"", source: https://components.infojobs.com/spa/8eab2230/67c69547.js (8)
[15996:12352:0415/135409.494:INFO:CONSOLE(8)] "Missing translation for key: "Uso del servicio"", source: https://components.infojobs.com/spa/8eab2230/67c69547.js (8)
[15996:12352:0415/135409.494:INFO:CONSOLE(8)] "Missing translation for key: "Política de cookies"", source: https://components.infojobs.com/spa/8eab2230/67c69547.js (8)
[15996:12352:0415/135409.494:INFO:CONSOLE(8)] "Missing translation for key: "InfoJobs hoy"", source: https://components.infojobs.com/spa/8eab2230/67c69547.js (8)
[15996:12352:0415/135409.494:INFO:CONSOLE(8)] "Missing translation for key: "Trabaja con nosotros"", source: https://components.infojobs.com/spa/8eab2230/67c69547.js (8)
[15996:12352:0415/135409.494:INFO:CONSOLE(8)] "Missing translation for key: "Ofertas de empleo"", source: https://components.infojobs.com/spa/8eab2230/67c69547.js (8)
[15996:12352:0415/135409.494:INFO:CONSOLE(8)] "Missing translation for key: "InfoJobs Awards"", source: https://components.infojobs.com/spa/8eab2230/67c69547.js (8)
[15996:12352:0415/135409.494:INFO:CONSOLE(8)] "Missing translation for key: "InfoJobs Academy"", source: https://components.infojobs.com/spa/8eab2230/67c69547.js (8)
[15996:12352:0415/135409.495:INFO:CONSOLE(8)] "Missing translation for key: "Orientación laboral"", source: https://components.infojobs.com/spa/8eab2230/67c69547.js (8)
[15996:12352:0415/135409.495:INFO:CONSOLE(8)] "Missing translation for key: "InfoJobs Formación"", source: https://components.infojobs.com/spa/8eab2230/67c69547.js (8)
[15996:12352:0415/135409.495:INFO:CONSOLE(8)] "Missing translation for key: "Blog empresas"", source: https://components.infojobs.com/spa/8eab2230/67c69547.js (8)
[15996:12352:0415/135409.495:INFO:CONSOLE(8)] "Missing translation for key: "Offerte di lavoro in Italia"", source: https://components.infojobs.com/spa/8eab2230/67c69547.js (8)
[15996:12352:0415/135409.496:INFO:CONSOLE(8)] "Missing translation for key: "Indicadores de InfoJobs"", source: https://components.infojobs.com/spa/8eab2230/67c69547.js (8)
[15996:12352:0415/135409.496:INFO:CONSOLE(8)] "Missing translation for key: "Notas de prensa"", source: https://components.infojobs.com/spa/8eab2230/67c69547.js (8)
[15996:12352:0415/135409.496:INFO:CONSOLE(8)] "Missing translation for key: "Contacto de prensa"", source: https://components.infojobs.com/spa/8eab2230/67c69547.js (8)
[11008:14804:0415/135410.968:ERROR:gles2_cmd_decoder_passthrough.cc(1081)] [GroupMarkerNotSet(crbug.com/242999)!:A07028008C110000]Automatic fallback to software WebGL has been deprecated. Please use the --enable-unsafe-swiftshader flag to opt in to lower security guarantees for trusted content.
[15996:12352:0415/135410.978:INFO:CONSOLE(0)] "[GroupMarkerNotSet(crbug.com/242999)!:A07028008C110000]Automatic fallback to software WebGL has been deprecated. Please use the --enable-unsafe-swiftshader flag to opt in to lower security guarantees for trusted content.", source: https://ep2.adtrafficquality.google/sodar/sodar2/232/runner.html (0)
[15996:12352:0415/135411.743:INFO:CONSOLE(1)] "Uncaught Error: Window playback event handlers are not defined", source: https://d17ebhrlbr4s4.cloudfront.net/preview-utils.js (1)
[15996:12352:0415/135411.743:INFO:CONSOLE(1)] "Uncaught Error: Window playback event handlers are not defined", source: https://d17ebhrlbr4s4.cloudfront.net/preview-utils.js (1)
[15996:12352:0415/135411.752:INFO:CONSOLE(1)] "Uncaught Error: Window playback event handlers are not defined", source: https://d17ebhrlbr4s4.cloudfront.net/preview-utils.js (1)
[15996:12352:0415/135411.773:INFO:CONSOLE(1)] "Uncaught Error: Window playback event handlers are not defined", source: https://d17ebhrlbr4s4.cloudfront.net/preview-utils.js (1)
[15996:12352:0415/135411.776:INFO:CONSOLE(1)] "Uncaught Error: Window playback event handlers are not defined", source: https://d17ebhrlbr4s4.cloudfront.net/preview-utils.js (1)
[15996:12352:0415/135411.777:INFO:CONSOLE(1)] "Uncaught Error: Window playback event handlers are not defined", source: https://d17ebhrlbr4s4.cloudfront.net/preview-utils.js (1)
[15996:12352:0415/135411.777:INFO:CONSOLE(1)] "Uncaught Error: Window playback event handlers are not defined", source: https://d17ebhrlbr4s4.cloudfront.net/preview-utils.js (1)
[15996:12352:0415/135411.777:INFO:CONSOLE(1)] "Uncaught Error: Window playback event handlers are not defined", source: https://d17ebhrlbr4s4.cloudfront.net/preview-utils.js (1)
[15996:12352:0415/135413.736:INFO:CONSOLE(12)] "Error while reading nspb data from sharedStorage [object DOMException]", source: https://gum.criteo.com/syncframe?origin=criteoPrebidAdapter&topUrl=www.infojobs.net&gdpr=1&gdpr_consent=CQP6E8AQP6E8AAHABBENBkFsAP_gAEPgAAiQK_tX_G__bWlr8T73aftkeY1P99h77sQxBgbJE-4FzLvW_JwXx2E5NAz6tqIKmRIAu3TBIQNlHJDURVCgaogVrSDMaEyUoTNKJ6BkiFMRI2dYCFxvm4tjeQCY5vr991cx2B-t7dr83dzyy4hHn3a5_2S1WJCdAYetDfv8bROb-9IOd_x8v4v4_F7pE2-eS1l_pWvp7D9-Yts_9X299_bbff5Pn__ul_-_X_vf_n37v943iCvgBJhoVEEZYEgIRKBhBAgBUFYQEUCAIAAEgaICAEwYFOQMAF1hIgBACgAGCAEAAIMAAQAAAQAIRABQAUCAACAQKAAMACAYCAAgYAAQAWAgEAAIDoGKYEEAgWACRmRQaYEoACQQEtlQgkAQIK4QhFngEACImCgAAAAAKAABAeCwOJJASoSCALiCaAAAgAACCBAoQScmAAIAzZag8GT6MrTAMHzBIgpgGQBEEZCQaEJvWkAA.f_wACHwAAAAA&gpp= (12)
[11008:14804:0415/135417.044:ERROR:gles2_cmd_decoder_passthrough.cc(1081)] [GroupMarkerNotSet(crbug.com/242999)!:A07028008C110000]Automatic fallback to software WebGL has been deprecated. Please use the --enable-unsafe-swiftshader flag to opt in to lower security guarantees for trusted content.
[11008:14804:0415/135417.059:ERROR:gles2_cmd_decoder_passthrough.cc(1081)] [GroupMarkerNotSet(crbug.com/242999)!:A0D028008C110000]Automatic fallback to software WebGL has been deprecated. Please use the --enable-unsafe-swiftshader flag to opt in to lower security guarantees for trusted content.
[15996:12352:0415/135417.065:INFO:CONSOLE(0)] "[GroupMarkerNotSet(crbug.com/242999)!:A07028008C110000]Automatic fallback to software WebGL has been deprecated. Please use the --enable-unsafe-swiftshader flag to opt in to lower security guarantees for trusted content.", source: https://tpc.googlesyndication.com/sodar/62bHydCX.html (0)
[15996:12352:0415/135417.065:INFO:CONSOLE(0)] "[GroupMarkerNotSet(crbug.com/242999)!:A0D028008C110000]Automatic fallback to software WebGL has been deprecated. Please use the --enable-unsafe-swiftshader flag to opt in to lower security guarantees for trusted content.", source: https://tpc.googlesyndication.com/sodar/62bHydCX.html (0)
[15996:12352:0415/135513.783:INFO:CONSOLE(8)] "Missing translation for key: "OFFER_CARD_CONTENT_DESCRIPTION_SOURCE_PREFIX"", source: https://components.infojobs.com/spa/8eab2230/67c69547.js (8)
[15996:12352:0415/135513.787:INFO:CONSOLE(8)] "Missing translation for key: "OFFER_CARD_CONTENT_DESCRIPTION_SOURCE_PREFIX"", source: https://components.infojobs.com/spa/8eab2230/67c69547.js (8)
[15996:12352:0415/135513.813:INFO:CONSOLE(2)] "Powered by AMP ⚡ HTML – Version 2503242227000 https://www.infojobs.net/jobsearch/search-results/list.xhtml?keyword=desarrollador&provinceIds=&normalizedLocation=espa%C3%B1a", source: https://cdn.ampproject.org/rtv/012503242227000/amp4ads-v0.mjs (2)
[15996:12352:0415/135513.864:INFO:CONSOLE(8)] "Missing translation for key: "OFFER_CARD_CONTENT_DESCRIPTION_SOURCE_PREFIX"", source: https://components.infojobs.com/spa/8eab2230/67c69547.js (8)
[15996:12352:0415/135513.908:INFO:CONSOLE(8)] "Missing translation for key: "OFFER_CARD_CONTENT_DESCRIPTION_SOURCE_PREFIX"", source: https://components.infojobs.com/spa/8eab2230/67c69547.js (8)
[15996:12352:0415/135513.963:INFO:CONSOLE(8)] "Missing translation for key: "OFFER_CARD_CONTENT_DESCRIPTION_SOURCE_PREFIX"", source: https://components.infojobs.com/spa/8eab2230/67c69547.js (8)
[15996:12352:0415/135513.974:INFO:CONSOLE(8)] "Missing translation for key: "OFFER_CARD_CONTENT_DESCRIPTION_SOURCE_PREFIX"", source: https://components.infojobs.com/spa/8eab2230/67c69547.js (8)
[15996:12352:0415/135513.976:INFO:CONSOLE(8)] "Missing translation for key: "OFFER_CARD_CONTENT_DESCRIPTION_SOURCE_PREFIX"", source: https://components.infojobs.com/spa/8eab2230/67c69547.js (8)
[15996:12352:0415/135513.982:INFO:CONSOLE(8)] "Missing translation for key: "OFFER_CARD_CONTENT_DESCRIPTION_SOURCE_PREFIX"", source: https://components.infojobs.com/spa/8eab2230/67c69547.js (8)
[15996:12352:0415/135513.986:INFO:CONSOLE(8)] "Missing translation for key: "OFFER_CARD_CONTENT_DESCRIPTION_SOURCE_PREFIX"", source: https://components.infojobs.com/spa/8eab2230/67c69547.js (8)
[15996:12352:0415/135514.039:INFO:CONSOLE(2)] "Powered by AMP ⚡ HTML – Version 2503242227000 https://www.infojobs.net/jobsearch/search-results/list.xhtml?keyword=desarrollador&provinceIds=&normalizedLocation=espa%C3%B1a", source: https://cdn.ampproject.org/rtv/012503242227000/amp4ads-v0.mjs (2)
[15996:12352:0415/135514.103:INFO:CONSOLE(2)] "Powered by AMP ⚡ HTML – Version 2503242227000 https://www.infojobs.net/jobsearch/search-results/list.xhtml?keyword=desarrollador&provinceIds=&normalizedLocation=espa%C3%B1a", source: https://cdn.ampproject.org/rtv/012503242227000/amp4ads-v0.mjs (2)
[15996:12352:0415/135514.157:INFO:CONSOLE(8)] "Missing translation for key: "OFFER_CARD_CONTENT_DESCRIPTION_SOURCE_PREFIX"", source: https://components.infojobs.com/spa/8eab2230/67c69547.js (8)
[15996:12352:0415/135514.160:INFO:CONSOLE(8)] "Missing translation for key: "OFFER_CARD_CONTENT_DESCRIPTION_SOURCE_PREFIX"", source: https://components.infojobs.com/spa/8eab2230/67c69547.js (8)
[15996:12352:0415/135514.164:INFO:CONSOLE(8)] "Missing translation for key: "OFFER_CARD_CONTENT_DESCRIPTION_SOURCE_PREFIX"", source: https://components.infojobs.com/spa/8eab2230/67c69547.js (8)
[15996:12352:0415/135514.174:INFO:CONSOLE(8)] "Missing translation for key: "OFFER_CARD_CONTENT_DESCRIPTION_SOURCE_PREFIX"", source: https://components.infojobs.com/spa/8eab2230/67c69547.js (8)
[15996:12352:0415/135514.176:INFO:CONSOLE(8)] "Missing translation for key: "OFFER_CARD_CONTENT_DESCRIPTION_SOURCE_PREFIX"", source: https://components.infojobs.com/spa/8eab2230/67c69547.js (8)
[15996:12352:0415/135514.183:INFO:CONSOLE(8)] "Missing translation for key: "OFFER_CARD_CONTENT_DESCRIPTION_SOURCE_PREFIX"", source: https://components.infojobs.com/spa/8eab2230/67c69547.js (8)
[15996:12352:0415/135514.189:INFO:CONSOLE(8)] "Missing translation for key: "OFFER_CARD_CONTENT_DESCRIPTION_SOURCE_PREFIX"", source: https://components.infojobs.com/spa/8eab2230/67c69547.js (8)
[11008:14804:0415/135524.037:ERROR:gles2_cmd_decoder_passthrough.cc(1081)] [GroupMarkerNotSet(crbug.com/242999)!:A0A028008C110000]Automatic fallback to software WebGL has been deprecated. Please use the --enable-unsafe-swiftshader flag to opt in to lower security guarantees for trusted content.
[15996:12352:0415/135524.042:INFO:CONSOLE(0)] "[GroupMarkerNotSet(crbug.com/242999)!:A0A028008C110000]Automatic fallback to software WebGL has been deprecated. Please use the --enable-unsafe-swiftshader flag to opt in to lower security guarantees for trusted content.", source: https://tpc.googlesyndication.com/sodar/62bHydCX.html (0)
[11008:14804:0415/140610.852:ERROR:gles2_cmd_decoder_passthrough.cc(1081)] [GroupMarkerNotSet(crbug.com/242999)!:A07028008C110000]Automatic fallback to software WebGL has been deprecated. Please use the --enable-unsafe-swiftshader flag to opt in to lower security guarantees for trusted content.
[15996:12352:0415/140610.852:INFO:CONSOLE(0)] "[GroupMarkerNotSet(crbug.com/242999)!:A07028008C110000]Automatic fallback to software WebGL has been deprecated. Please use the --enable-unsafe-swiftshader flag to opt in to lower security guarantees for trusted content.", source: https://www.infojobs.net/jobsearch/search-results/list.xhtml?keyword=desarrollador&provinceIds=&normalizedLocation=espa%C3%B1a (0)
[11008:14804:0415/140610.870:ERROR:gl_utils.cc(431)] [.WebGL-0x17ac007f1b00]GL Driver Message (OpenGL, Performance, GL_CLOSE_PATH_NV, High): GPU stall due to ReadPixels
[11008:14804:0415/140610.895:ERROR:gl_utils.cc(431)] [.WebGL-0x17ac007f1b00]GL Driver Message (OpenGL, Performance, GL_CLOSE_PATH_NV, High): GPU stall due to ReadPixels (this message will no longer repeat)
[15996:12352:0415/140610.902:INFO:CONSOLE(0)] "[.WebGL-0x17ac007f1b00]GL Driver Message (OpenGL, Performance, GL_CLOSE_PATH_NV, High): GPU stall due to ReadPixels", source: https://www.infojobs.net/jobsearch/search-results/list.xhtml?keyword=desarrollador&provinceIds=&normalizedLocation=espa%C3%B1a (0)
[15996:12352:0415/140610.902:INFO:CONSOLE(0)] "[.WebGL-0x17ac007f1b00]GL Driver Message (OpenGL, Performance, GL_CLOSE_PATH_NV, High): GPU stall due to ReadPixels (this message will no longer repeat)", source: https://www.infojobs.net/jobsearch/search-results/list.xhtml?keyword=desarrollador&provinceIds=&normalizedLocation=espa%C3%B1a (0)
[15996:12352:0415/141908.133:WARNING:page_discarding_helper.cc(159)] Discarding multiple pages with target (kb): 0, discard_protected_tabs: 0
[15996:12352:0415/141913.139:WARNING:page_discarding_helper.cc(159)] Discarding multiple pages with target (kb): 0, discard_protected_tabs: 0
